2025-03-17 09:58:34,251 - app - INFO - App created successfully.
2025-03-17 09:58:36,157 - app - INFO - App created successfully.
2025-03-17 09:59:15,531 - app - INFO - Item retrieved successfully: <ItemModel 2>
2025-03-17 09:59:54,207 - app - INFO - App created successfully.
2025-03-17 10:00:10,536 - app - INFO - App created successfully.
2025-03-17 10:00:16,279 - app - INFO - App created successfully.
2025-03-17 10:00:19,084 - app - INFO - App created successfully.
2025-03-17 10:00:33,631 - app - INFO - App created successfully.
2025-03-17 10:00:36,939 - app - INFO - App created successfully.
2025-03-17 10:00:38,771 - app - INFO - App created successfully.
2025-03-17 10:00:41,659 - app - INFO - App created successfully.
2025-03-17 10:00:44,469 - app - INFO - App created successfully.
2025-03-17 10:00:48,556 - app - INFO - Item retrieved successfully: [2] Chair
2025-03-17 10:00:55,582 - app - INFO - App created successfully.
2025-03-17 10:00:57,487 - app - INFO - App created successfully.
2025-03-17 10:01:08,478 - app - INFO - App created successfully.
2025-03-17 10:01:10,366 - app - INFO - App created successfully.
2025-03-17 10:01:12,268 - app - INFO - App created successfully.
2025-03-17 10:01:14,423 - app - INFO - Item retrieved successfully:
            [2] Chair ($17.99)
2025-03-17 10:01:33,774 - app - INFO - App created successfully.
2025-03-17 10:01:43,782 - app - INFO - App created successfully.
2025-03-17 10:04:58,850 - app - INFO - App created successfully.
2025-03-17 10:07:42 - app - INFO - App created successfully.
2025-03-17 10:09:37 - app - INFO - App created successfully.
2025-03-17 10:09:39 - app - INFO - App created successfully.
2025-03-17 10:09:41 - app - INFO - App created successfully.
2025-03-17 10:09:43 - app - INFO - App created successfully.
2025-03-17 10:09:46 - app - INFO - App created successfully.
2025-03-17 10:10:21 - app - INFO - App created successfully.
2025-03-17 10:10:23 - app - INFO - App created successfully.
2025-03-17 10:10:26 - app - INFO - App created successfully.
2025-03-17 10:10:32 - app - INFO - App created successfully.
2025-03-17 10:10:37 - app - INFO - App created successfully.
2025-03-17 10:10:47 - app - INFO - App created successfully.
2025-03-17 10:10:55 - app - INFO - Item retrieved successfully: [2]Chair($17.99)
2025-03-17 10:11:19 - app - INFO - App created successfully.
2025-03-17 10:11:20 - app - INFO - App created successfully.
2025-03-17 10:11:25 - app - INFO - Item retrieved successfully: [2] Chair ($17.99)
2025-03-17 10:12:42 - app - INFO - App created successfully.
2025-03-17 10:12:45 - app - INFO - App created successfully.
2025-03-17 10:12:47 - app - INFO - App created successfully.
2025-03-17 10:12:50 - app - INFO - App created successfully.
2025-03-17 10:12:53 - app - INFO - App created successfully.
2025-03-17 10:13:08 - app - INFO - App created successfully.
2025-03-17 10:13:14 - app - INFO - App created successfully.
2025-03-17 10:13:17 - app - INFO - App created successfully.
2025-03-17 10:13:22 - app - INFO - App created successfully.
2025-03-17 10:13:24 - app - INFO - App created successfully.
2025-03-17 10:13:34 - app - INFO - App created successfully.
2025-03-17 10:13:36 - app - INFO - App created successfully.
2025-03-17 10:13:39 - app - INFO - App created successfully.
2025-03-17 10:13:42 - app - INFO - App created successfully.
2025-03-17 10:13:46 - app - INFO - App created successfully.
2025-03-17 10:13:49 - app - INFO - App created successfully.
2025-03-17 10:13:53 - app - INFO - App created successfully.
2025-03-17 10:13:55 - app - INFO - App created successfully.
2025-03-17 10:14:19 - app - INFO - App created successfully.
2025-03-17 10:14:26 - app - INFO - App created successfully.
2025-03-17 10:14:45 - app - INFO - App created successfully.
2025-03-17 10:14:47 - app - INFO - App created successfully.
2025-03-20 07:21:23 - app - INFO - App created successfully.
2025-03-20 07:21:24 - app - INFO - App created successfully.
2025-03-20 07:21:28 - app - INFO - App created successfully.
2025-03-20 07:27:51 - app - INFO - App created successfully.
2025-03-20 07:28:50 - app - INFO - App created successfully.
